{
  "numFailedTestSuites": 0,
  "numFailedTests": 0,
  "numPassedTestSuites": 5,
  "numPassedTests": 8,
  "numPendingTestSuites": 0,
  "numPendingTests": 0,
  "numRuntimeErrorTestSuites": 0,
  "numTodoTests": 0,
  "numTotalTestSuites": 5,
  "numTotalTests": 8,
  "openHandles": [],
  "snapshot": {
    "added": 0,
    "didUpdate": false,
    "failure": false,
    "filesAdded": 0,
    "filesRemoved": 0,
    "filesRemovedList": [],
    "filesUnmatched": 0,
    "filesUpdated": 0,
    "matched": 0,
    "total": 0,
    "unchecked": 0,
    "uncheckedKeysByFile": [],
    "unmatched": 0,
    "updated": 0
  },
  "startTime": 1758184133196,
  "success": true,
  "testResults": [
    {
      "assertionResults": [
        {
          "ancestorTitles": ["crypto primitives"],
          "duration": 1933,
          "failureDetails": [],
          "failureMessages": [],
          "fullName": "crypto primitives deriveKeyFromMasterPassword produces deterministic 256-bit key",
          "invocations": 1,
          "location": null,
          "numPassingAsserts": 3,
          "retryReasons": [],
          "status": "passed",
          "title": "deriveKeyFromMasterPassword produces deterministic 256-bit key"
        },
        {
          "ancestorTitles": ["crypto primitives"],
          "duration": 940,
          "failureDetails": [],
          "failureMessages": [],
          "fullName": "crypto primitives encryptJson and decryptJson roundtrip data",
          "invocations": 1,
          "location": null,
          "numPassingAsserts": 2,
          "retryReasons": [],
          "status": "passed",
          "title": "encryptJson and decryptJson roundtrip data"
        }
      ],
      "endTime": 1758184137737,
      "message": "",
      "name": "/Users/eliransuisa/Documents/private/cloudpass/src/shared/security/__tests__/crypto.test.ts",
      "startTime": 1758184133570,
      "status": "passed",
      "summary": ""
    },
    {
      "assertionResults": [
        {
          "ancestorTitles": ["aws client wiring"],
          "duration": 2,
          "failureDetails": [],
          "failureMessages": [],
          "fullName": "aws client wiring createSecretsClient returns a client for region",
          "invocations": 1,
          "location": null,
          "numPassingAsserts": 1,
          "retryReasons": [],
          "status": "passed",
          "title": "createSecretsClient returns a client for region"
        }
      ],
      "endTime": 1758184137851,
      "message": "",
      "name": "/Users/eliransuisa/Documents/private/cloudpass/src/shared/aws/__tests__/secretsManager.test.ts",
      "startTime": 1758184137746,
      "status": "passed",
      "summary": ""
    },
    {
      "assertionResults": [
        {
          "ancestorTitles": ["vaultPaths utilities"],
          "duration": 1,
          "failureDetails": [],
          "failureMessages": [],
          "fullName": "vaultPaths utilities deriveTenantFromEmail extracts domain or defaults",
          "invocations": 1,
          "location": null,
          "numPassingAsserts": 3,
          "retryReasons": [],
          "status": "passed",
          "title": "deriveTenantFromEmail extracts domain or defaults"
        },
        {
          "ancestorTitles": ["vaultPaths utilities"],
          "duration": 4,
          "failureDetails": [],
          "failureMessages": [],
          "fullName": "vaultPaths utilities resolveVaultContext builds correct collection paths",
          "invocations": 1,
          "location": null,
          "numPassingAsserts": 3,
          "retryReasons": [],
          "status": "passed",
          "title": "resolveVaultContext builds correct collection paths"
        },
        {
          "ancestorTitles": ["vaultPaths utilities"],
          "duration": 0,
          "failureDetails": [],
          "failureMessages": [],
          "fullName": "vaultPaths utilities getVaultSecretNameWithOverrides encodes region/tenant/account",
          "invocations": 1,
          "location": null,
          "numPassingAsserts": 3,
          "retryReasons": [],
          "status": "passed",
          "title": "getVaultSecretNameWithOverrides encodes region/tenant/account"
        }
      ],
      "endTime": 1758184137877,
      "message": "",
      "name": "/Users/eliransuisa/Documents/private/cloudpass/src/renderer/services/__tests__/vaultPaths.test.ts",
      "startTime": 1758184137857,
      "status": "passed",
      "summary": ""
    },
    {
      "assertionResults": [
        {
          "ancestorTitles": ["cn"],
          "duration": 4,
          "failureDetails": [],
          "failureMessages": [],
          "fullName": "cn merges classnames and tailwind conflicts",
          "invocations": 1,
          "location": null,
          "numPassingAsserts": 4,
          "retryReasons": [],
          "status": "passed",
          "title": "merges classnames and tailwind conflicts"
        }
      ],
      "endTime": 1758184137902,
      "message": "",
      "name": "/Users/eliransuisa/Documents/private/cloudpass/src/renderer/lib/__tests__/utils.test.ts",
      "startTime": 1758184137884,
      "status": "passed",
      "summary": ""
    },
    {
      "assertionResults": [
        {
          "ancestorTitles": ["copyToClipboard"],
          "duration": 1,
          "failureDetails": [],
          "failureMessages": [],
          "fullName": "copyToClipboard uses modern navigator.clipboard when available",
          "invocations": 1,
          "location": null,
          "numPassingAsserts": 2,
          "retryReasons": [],
          "status": "passed",
          "title": "uses modern navigator.clipboard when available"
        }
      ],
      "endTime": 1758184137923,
      "message": "",
      "name": "/Users/eliransuisa/Documents/private/cloudpass/src/renderer/lib/__tests__/clipboard.test.ts",
      "startTime": 1758184137907,
      "status": "passed",
      "summary": ""
    }
  ],
  "wasInterrupted": false
}
